#@ # 
#@ # Running leda Version  F-2011.09 for amd64 -- Aug 05, 2011
#@ # Date:   Sun Apr 21 03:02:23 2013
#@ # Run by: mg70@ecelinux37.ecn.purdue.edu
#@ 

source /package/eda/synopsys/leda-F-2011.09/amd64/.leda_config.files//.synopsys_leda.setup
#@ ## LEDA Default setup file
#@ 
#@ 
#@ rule_set_parameter -rule ATPG_001 -parameter ATPG_001_MACRO_NAME -value {ATPG_BBOX}
#@ rule_set_parameter -rule ATPG_002 -parameter ATPG_002_MACRO_NAME -value {ATPG_LIB}
#@ rule_set_parameter -rule ATPG_002 -parameter ATPG_002_DFT_MODULE -value {vte_r_.*_array, vt_r_cm_.*_array.*, vte_pku_pick_.*_array}
#@ rule_set_parameter -rule ATPG_003 -parameter ATPG_003_MACRO_NAME -value {ATPG_BBOX}
#@ rule_set_parameter -rule ATPG_003 -parameter ATPG_003_DFT_MODULE -value {vte_r_.*_array, vt_r_cm_.*_array.*, vte_pku_pick_.*_array}
#@ rule_set_parameter -rule ATPG_004 -parameter ATPG_004_MACRO_NAME -value {ATPG_BBOX}
#@ 
#@ rule_set_parameter -rule G_527_1 -parameter LINE_LENGTH -value {72}
#@ rule_set_parameter -rule G_527_1 -parameter CHECK_COMMENT -value {1}
#@ 
#@ rule_set_parameter -rule A_3C_R -parameter SYNCHRONIZER_FF_NUMBER -value {1}
#@ rule_set_parameter -rule B_1006 -parameter MODULE_NAME -value {^TOP}
#@ rule_set_parameter -rule B_1202 -parameter NB_MAX_CLOCKS -value {1}
#@ rule_set_parameter -rule C_1200 -parameter NB_MAX_CLOCKS -value {1}
#@ rule_set_parameter -rule C_1202 -parameter SYNCHRONIZER_FF_NUMBER -value {1}
#@ rule_set_parameter -rule C_1204 -parameter UNIT_NAME -value {^CKGEN$}
#@ rule_set_parameter -rule B_1405 -parameter NB_MAX_ASYNC_RESETS -value {1}
#@ rule_set_parameter -rule B_1406 -parameter NB_MAX_SYNC_RESETS -value {1}
#@ rule_set_parameter -rule B_1409 -parameter NB_MAX_ASYNC_RESETS -value {1}
#@ rule_set_parameter -rule B_1410 -parameter NB_MAX_SYNC_RESETS -value {1}
#@ rule_set_parameter -rule B_1411 -parameter NB_MAX_ASYNC_RESETS -value "1"
#@ rule_set_parameter -rule B_1412 -parameter NB_MAX_SYNC_SETS -value "1"
#@ rule_set_parameter -rule B_1413 -parameter NB_MAX_ASYNC_SETS -value "1"
#@ rule_set_parameter -rule B_1414 -parameter NB_MAX_SYNC_SETS -value "1"
#@ rule_set_parameter -rule B_1415 -parameter NB_MAX_ASYNC_LOADS -value "1"
#@ rule_set_parameter -rule B_1416 -parameter NB_MAX_SYNC_LOADS -value "1"
#@ rule_set_parameter -rule B_1417 -parameter NB_MAX_ASYNC_LOADS -value "1"
#@ rule_set_parameter -rule B_1418 -parameter NB_MAX_SYNC_LOADS -value "1"
#@ rule_set_parameter -rule C_1400 -parameter NB_MAX_RESETS -value {1}
#@ rule_set_parameter -rule C_1402 -parameter UNIT_NAME -value {RSTGEN}
#@ rule_set_parameter -rule B_1419 -parameter B_1419_RESET_NAME -value {^rst}
#@ rule_set_parameter -rule XPROP_IF -parameter XPROP_IF_IGNORE_INTEGER -value {0}
#@ rule_set_parameter -rule XPROP_CASE -parameter XPROP_CASE_IGNORE_INTEGER -value {0}
#@ rule_set_parameter -rule XPROP_CASEZ -parameter XPROP_CASEZ_IGNORE_INTEGER -value {0}
#@ rule_set_parameter -rule XPROP_INDEX_BA -parameter XPROP_INDEX_BA_IGNORE_INTEGER -value {0}
#@ rule_set_parameter -rule XPROP_INDEX_NBA -parameter XPROP_INDEX_NBA_IGNORE_INTEGER -value {0}
#@ rule_set_parameter -rule XPROP_TERN_COND_EXP -parameter XPROP_TERN_COND_EXP_IGNORE_INTEGER -value {0}
#@ rule_set_parameter -rule XPROP_TERN_CASE_EXP -parameter XPROP_TERN_CASE_EXP_IGNORE_INTEGER -value {0}
#@ rule_set_parameter -rule XPROP_TERN_RHS -parameter XPROP_TERN_RHS_IGNORE_INTEGER -value {0}
#@ rule_set_parameter -rule B_3606 -parameter STATE_NAME -value {_cs$}
#@ rule_set_parameter -rule B_3608 -parameter NB_MAX_STATES -value {40}
#@ rule_set_parameter -rule B_4200 -parameter ENTITY_NAME -value {_ENT$}
#@ rule_set_parameter -rule B_4201 -parameter FILENAME -value {<entity>.vhd}
#@ rule_set_parameter -rule B_4202 -parameter ARCHITECTURE_NAME -value {_ARC$}
#@ rule_set_parameter -rule B_4203 -parameter MODULE_NAME -value {_MOD$}
#@ rule_set_parameter -rule B_4204 -parameter FILENAME -value {<architecture>.vhd}
#@ rule_set_parameter -rule B_4205 -parameter FILENAME -value {<module>.v}
#@ rule_set_parameter -rule B_4206 -parameter PACKAGE_NAME -value {_PACK$}
#@ rule_set_parameter -rule B_4207 -parameter FILENAME -value {<package>.vhd}
#@ rule_set_parameter -rule B_4208 -parameter FILENAME -value {<package>_body.vhd}
#@ rule_set_parameter -rule B_4209 -parameter CONFIGURATION_NAME -value {_CONF$}
#@ rule_set_parameter -rule B_4210 -parameter FILENAME -value {<configuration>.vhd}
#@ rule_set_parameter -rule B_4211 -parameter SIGNAL_NAME -value {^S}
#@ rule_set_parameter -rule B_4212 -parameter VARIABLE_NAME -value {^V}
#@ rule_set_parameter -rule B_4213 -parameter CONSTANT_NAME -value {^C}
#@ rule_set_parameter -rule B_4214 -parameter COMPONENT_NAME -value {^COMP}
#@ rule_set_parameter -rule B_4215 -parameter TYPE_NAME -value {^T}
#@ rule_set_parameter -rule B_4216 -parameter SUBTYPE_NAME -value {^ST}
#@ rule_set_parameter -rule B_4217 -parameter FUNCTION_NAME -value {^F}
#@ rule_set_parameter -rule B_4218 -parameter PROCEDURE_NAME -value {^P}
#@ rule_set_parameter -rule B_4219 -parameter INSTANCE_NAME -value {^U_}
#@ rule_set_parameter -rule B_4220 -parameter BLOCK_NAME -value {_BLOCK$}
#@ rule_set_parameter -rule B_4221 -parameter GENERATE_NAME -value {_GEN$}
#@ rule_set_parameter -rule B_4222 -parameter ALWAYS_NAME -value {_ALW$}
#@ rule_set_parameter -rule B_4223 -parameter PROCESS_NAME -value {_PROC$}
#@ rule_set_parameter -rule B_4224 -parameter PRIMITIVE_NAME -value {^P_}
#@ rule_set_parameter -rule B_4225 -parameter REGISTER_NAME -value {_r$}
#@ rule_set_parameter -rule B_4226 -parameter NET_NAME -value {^w}
#@ rule_set_parameter -rule B_4227 -parameter INPUT_PORT_NAME -value {_in$}
#@ rule_set_parameter -rule B_4228 -parameter OUTPUT_PORT_NAME -value {_out$}
#@ rule_set_parameter -rule B_4229 -parameter INOUT_PORT_NAME -value {_inout$}
#@ rule_set_parameter -rule B_4230 -parameter TASK_NAME -value {^T_}
#@ rule_set_parameter -rule B_4231 -parameter INITIAL_NAME -value {_INIT$}
#@ rule_set_parameter -rule B_4232 -parameter CHECK_INSTANCE_NAME -value {.*}
#@ rule_set_parameter -rule B_4400 -parameter LATCH_INPUT_NAME -value {_d$}
#@ rule_set_parameter -rule B_4401 -parameter LATCH_OUTPUT_NAME -value {_q$}
#@ rule_set_parameter -rule B_4402 -parameter FF_INPUT_NAME -value {_d$}
#@ rule_set_parameter -rule B_4403 -parameter FF_OUTPUT_NAME -value {_r$}
#@ rule_set_parameter -rule B_4404 -parameter CLK_NAME -value {^clk}
#@ rule_set_parameter -rule B_4405 -parameter ASYNC_RST_NAME -value {^rst}
#@ rule_set_parameter -rule B_4406 -parameter SYNC_RST_NAME -value {^rst}
#@ rule_set_parameter -rule B_4407 -parameter TRISTATE_NAME -value {_z$}
#@ rule_set_parameter -rule FM_1_3 -parameter MODULE_NAME -value {^DW}
#@ rule_set_parameter -rule VER_1_1_1_1 -parameter FILENAME -value {^<module>.v$}
#@ rule_set_parameter -rule VER_1_1_1_3A -parameter CASE_SENSITIVE -value {0}
#@ rule_set_parameter -rule VER_1_1_1_3A -parameter CHECK_VERILOG_KEYWORDS -value {1}
#@ rule_set_parameter -rule VER_1_1_1_3A -parameter CHECK_VHDL_KEYWORDS -value {1}
#@ rule_set_parameter -rule R_529_1 -parameter CASE_SENSITIVE -value {0}
#@ rule_set_parameter -rule R_529_1 -parameter CHECK_VERILOG_KEYWORDS -value {1}
#@ rule_set_parameter -rule R_529_1 -parameter CHECK_VHDL_KEYWORDS -value {1}
#@ rule_set_parameter -rule VER_1_1_1_4 -parameter SIGNAL_NAME -value {[Gg][nN][dD]\|[vV][dD][dD]\|[vV][sS][sS]\|[vV][cC][cC]}
#@ rule_set_parameter -rule VER_1_1_1_7 -parameter SIGNAL_NAME -value {_X$\|_N$}
#@ rule_set_parameter -rule VER_1_1_1_8 -parameter INSTANCE_NAME -value {^<module>$\|^<module>[0-9_]+$}
#@ rule_set_parameter -rule VER_1_1_1_9A -parameter MAX_TOP_NAME_LENGTH -value {16}
#@ rule_set_parameter -rule VER_1_1_1_9C -parameter MAX_TOP_PORT_NAME_LENGTH -value {16}
#@ rule_set_parameter -rule VER_1_1_2_1A -parameter MIN_MODULE_NAME_LENGTH -value {2}
#@ rule_set_parameter -rule VER_1_1_2_1B -parameter MAX_MODULE_NAME_LENGTH -value {32}
#@ rule_set_parameter -rule VER_1_1_2_1C -parameter MIN_INSTANCE_NAME_LENGTH -value {2}
#@ rule_set_parameter -rule VER_1_1_2_1D -parameter MAX_INSTANCE_NAME_LENGTH -value {32}
#@ rule_set_parameter -rule VER_1_1_3_3A -parameter MIN_CHARS -value {2}
#@ rule_set_parameter -rule VER_1_1_3_3B -parameter MAX_CHARS -value {40}
#@ rule_set_parameter -rule VER_1_1_4_1 -parameter FILENAME -value {^.+.h$\|^.+.vh$\|^.+.inc$\|^.+.ht$\|^.+.tsk$}
#@ rule_set_parameter -rule VER_1_1_4_2 -parameter PARAMETER_NAME -value {^P_}
#@ rule_set_parameter -rule VER_1_1_5_1A -parameter FF_OUTPUT_NAME -value {_REG$\|_reg$}
#@ rule_set_parameter -rule VER_1_1_5_1B -parameter FF_OUTPUT_NAME -value {^<clock>\|<clock>$}
#@ rule_set_parameter -rule VER_1_1_5_2A -parameter CLK_NAME -value {^CLK$\|^CK$\|^CLK[0-9_]+$\|^CK[0-9_]+$\|^CLK[a-zA-Z0-9_]$\|^CLK[a-zA-Z0-9_][a-zA-Z0-9_]*$\|^CK[a-zA-Z0-9_]$\|^CK[a-zA-Z0-9_][a-zA-Z0-9_]*$}
#@ rule_set_parameter -rule VER_1_1_5_2B -parameter RST_NAME -value {^RST$\|^RST[0-9_]+$\|^RST[a-zA-Z0-9_]$\|^RST[a-zA-Z0-9_][a-zA-Z0-9_]*$}
#@ rule_set_parameter -rule VER_1_2_1_1A -parameter NB_MAX_CLOCKS -value {1}
#@ rule_set_parameter -rule VER_1_3_2_1 -parameter UNIT_NAME -value {GENRST}
#@ rule_set_parameter -rule VER_1_4_1_1 -parameter UNIT_NAME -value {GENCLK}
#@ rule_set_parameter -rule VER_1_4_4_1 -parameter NB_MAX_CLOCKS -value {1}
#@ rule_set_parameter -rule VER_1_5_1_1 -parameter SYNCHRONIZER_FF_NUMBER -value {1}
#@ rule_set_parameter -rule VER_1_6_4_3 -parameter NB_MAX_PORTS -value {200}
#@ rule_set_parameter -rule VER_2_5_1_4 -parameter MAX_DRIVERS -value {5}
#@ rule_set_parameter -rule VER_2_6_1_3 -parameter NB_MAX_OUTPUTS -value {5}
#@ rule_set_parameter -rule VER_2_6_1_4 -parameter NB_MAX_LINES -value {200}
#@ rule_set_parameter -rule VER_2_8_2_1 -parameter NB_MAX_BITS -value {16}
#@ rule_set_parameter -rule VER_2_8_2_2 -parameter NB_MAX_CASE_ITEMS -value {100}
#@ rule_set_parameter -rule VER_2_11_1_4 -parameter NB_MAX_STATES -value {40}
#@ rule_set_parameter -rule VER_3_2_5_2 -parameter NB_MAX_BITS -value {15}
#@ rule_set_parameter -rule VER_3_5_3_1A -parameter HEADER_CONTENT -value {FILENAME}
#@ rule_set_parameter -rule VER_3_5_3_1B -parameter HEADER_CONTENT -value {TYPE}
#@ rule_set_parameter -rule VER_3_5_3_1C -parameter HEADER_CONTENT -value {FUNCTION}
#@ rule_set_parameter -rule VER_3_5_3_1D -parameter HEADER_CONTENT -value {edit}
#@ rule_set_parameter -rule VER_3_5_3_1E -parameter HEADER_CONTENT -value {Author}
#@ rule_set_parameter -rule VER_3_5_3_1F -parameter HEADER_CONTENT -value {Date}
#@ rule_set_parameter -rule VHD_1_1_1_1 -parameter FILENAME -value {^<entity>.vhd$}
#@ rule_set_parameter -rule VHD_1_1_1_4 -parameter SIGNAL_NAME -value {[Gg][nN][dD]\|[vV][dD][dD]\|[vV][sS][sS]\|[vV][cC][cC]}
#@ rule_set_parameter -rule VHD_1_1_1_7 -parameter SIGNAL_NAME -value {_X$\|_N$}
#@ rule_set_parameter -rule VHD_1_1_1_8 -parameter INSTANCE_NAME -value {^U<entity>$\|^U_<entity>$\|^U<entity>_[0-9]$\|^U_<entity>_[0-9]$\|^U<entity>_[0-9][0-9]*$\|^U_<entity>_[0-9][0-9]*$}
#@ rule_set_parameter -rule VHD_1_1_1_9A -parameter MAX_ENTITY_NAME_LENGTH -value {16}
#@ rule_set_parameter -rule VHD_1_1_1_9C -parameter MAX_PORT_NAME_LENGTH -value {16}
#@ rule_set_parameter -rule VHD_1_1_2_1A -parameter MIN_ENTITY_NAME_LENGTH -value {2}
#@ rule_set_parameter -rule VHD_1_1_2_1B -parameter MAX_ENTITY_NAME_LENGTH -value {32}
#@ rule_set_parameter -rule VHD_1_1_2_1C -parameter MIN_INSTANCE_NAME_LENGTH -value {2}
#@ rule_set_parameter -rule VHD_1_1_2_1D -parameter MAX_INSTANCE_NAME_LENGTH -value {32}
#@ rule_set_parameter -rule VHD_1_1_3_3A -parameter MIN_CHARS -value {2}
#@ rule_set_parameter -rule VHD_1_1_3_3B -parameter MAX_CHARS -value {40}
#@ rule_set_parameter -rule VHD_1_1_4_1 -parameter FILENAME -value {_pac.vhd$}
#@ rule_set_parameter -rule VHD_1_1_4_2B -parameter CONSTANT_NAME -value {^C_\|^P_}
#@ rule_set_parameter -rule VHD_1_1_5_1A -parameter FF_OUTPUT_NAME -value {_REG$\|_reg$}
#@ rule_set_parameter -rule VHD_1_1_5_1B -parameter FF_OUTPUT_NAME -value {<clock>}
#@ rule_set_parameter -rule VHD_1_1_5_2A -parameter CLK_NAME -value {^CLK$\|^CK$\|^CLK[0-9_]+$\|^CK[0-9_]+$\|^CLK[A-Z0-9_]$\|^CLK[A-Z0-9_][A-Z0-9_]*$\|^CLK[A-Z0-9_][A-Z0-9_]*$\|^CK[A-Z0-9_]$\|^CK[A-Z0-9_][A-Z0-9_]*$}
#@ rule_set_parameter -rule VHD_1_1_5_2B -parameter RST_NAME -value {^RST$\|^RST[0-9_]+$\|^RST[a-zA-Z0-9_]$\|^RST[a-zA-Z0-9_][a-zA-Z0-9_]*$}
#@ rule_set_parameter -rule VHD_1_1_6_1 -parameter ARCHITECTURE_NAME -value {^RTL$\|^BEH$\|^TB$\|^SIM$}
#@ rule_set_parameter -rule VHD_1_2_1_1A -parameter NB_MAX_CLOCKS -value {1}
#@ rule_set_parameter -rule VHD_1_3_2_1 -parameter UNIT_NAME -value {GENRST}
#@ rule_set_parameter -rule VHD_1_4_1_1 -parameter UNIT_NAME -value {GENCLK}
#@ rule_set_parameter -rule VHD_1_4_4_1 -parameter NB_MAX_CLOCKS -value {1}
#@ rule_set_parameter -rule VHD_1_5_1_1 -parameter SYNCHRONIZER_FF_NUMBER -value {1}
#@ rule_set_parameter -rule VHD_1_6_4_3 -parameter NB_MAX_PORTS -value {200}
#@ rule_set_parameter -rule VHD_2_1_5_1 -parameter NB_MAX_LEVELS -value {5}
#@ rule_set_parameter -rule VHD_2_3_3_1 -parameter NB_MAX_CLOCK_EDGE -value {1}
#@ rule_set_parameter -rule VHD_2_5_1_4 -parameter MAX_DRIVERS -value {5}
#@ rule_set_parameter -rule VHD_2_6_1_3 -parameter NB_MAX_OUTPUTS -value {5}
#@ rule_set_parameter -rule VHD_2_6_1_4 -parameter NB_MAX_LINES -value {200}
#@ rule_set_parameter -rule VHD_2_7_3_1 -parameter NB_MAX_LEVELS -value {5}
#@ rule_set_parameter -rule VHD_2_8_2_2 -parameter NB_MAX_CASE_ITEMS -value {100}
#@ rule_set_parameter -rule VHD_2_11_1_4 -parameter NB_MAX_STATES -value {40}
#@ rule_set_parameter -rule VHD_3_1_4_5 -parameter LINE_LENGTH -value {110}
#@ rule_set_parameter -rule VHD_3_5_3_1A -parameter HEADER_CONTENT -value {FILENAME}
#@ rule_set_parameter -rule VHD_3_5_3_1B -parameter HEADER_CONTENT -value {TYPE}
#@ rule_set_parameter -rule VHD_3_5_3_1C -parameter HEADER_CONTENT -value {FUNCTION}
#@ rule_set_parameter -rule VHD_3_5_3_1D -parameter HEADER_CONTENT -value {edit}
#@ rule_set_parameter -rule VHD_3_5_3_1E -parameter HEADER_CONTENT -value {Author}
#@ rule_set_parameter -rule VHD_3_5_3_1F -parameter HEADER_CONTENT -value {Date}
#@ 
#@ 
#@ rule_set_parameter -rule NTL_CG01 -parameter CG01_PRINT_TRACE_CLOCK_PATH  -value {0}
#@ rule_set_parameter -rule NTL_CG01 -parameter SR_LATCH -value {SRLATCH@set@reset}
#@ rule_set_parameter -rule NTL_CG01 -parameter CG01_PRINT_SPECIFIC_CLOCK_PATH -value {}
#@ rule_set_parameter -rule NTL_CG01 -parameter IGNORE_CLK -value {leda_unknown_clk}
#@ rule_set_parameter -rule NTL_CG01 -parameter IGNORE_CLK_LOG_PROP -value {0}
#@ rule_set_parameter -rule NTL_CLK01 -parameter NB_MAX_CLOCKS -value {1}
#@ rule_set_parameter -rule NTL_CLK02 -parameter NB_MAX_CLOCKS -value {1}
#@ 
#@ rule_set_parameter -rule NTL_CLK03 -parameter NTL_CLK03_IGNORE_CLOCK_NEGEDGE_IN_MODULES -value { }
#@ rule_set_parameter -rule C106 -parameter NTL_CLK03_IGNORE_CLOCK_NEGEDGE_IN_MODULES -value { }
#@ rule_set_parameter -rule NTL_CLK03 -parameter NTL_CLK03_IGNORE_CLOCK_POSEDGE_IN_MODULES -value { }
#@ rule_set_parameter -rule C106 -parameter NTL_CLK03_IGNORE_CLOCK_POSEDGE_IN_MODULES -value { }
#@ 
#@ rule_set_parameter -rule NTL_CLK05 -parameter SYNCHRONIZER_FF_NUMBER -value {2}
#@ rule_set_parameter -rule NTL_CLK05 -parameter ALLOW_LOGIC_BEFORE_SYNC -value {0}
#@ rule_set_parameter -rule NTL_CLK05 -parameter ALLOW_BUF_INV_IN_SYNC_FFS -value {1}
#@ rule_set_parameter -rule NTL_CLK05 -parameter ALLOW_INVERTED_CLOCK -value {1}
#@ rule_set_parameter -rule NTL_CLK05 -parameter CHECK_DIFFERENT_CLOCK_ORIGINS -value {0}
#@ rule_set_parameter -rule NTL_CLK05 -parameter ENABLE_DQ_SCAN -value {0}
#@ rule_set_parameter -rule NTL_CLK10 -parameter ONLY_CHECK_2X1_OR_GATES -value {0}
#@ rule_set_parameter -rule NTL_CLK10 -parameter NEED_MORE_INFO -value {0}
#@ rule_set_parameter -rule NTL_CLK10 -parameter REPORT_GATED_CLOCK_IN_COMPLEX_CELL -value {1}
#@ rule_set_parameter -rule NTL_CLK11 -parameter ONLY_CHECK_2X1_AND_GATES -value {0}
#@ rule_set_parameter -rule NTL_CLK11 -parameter NEED_MORE_INFO -value {0}
#@ rule_set_parameter -rule NTL_CLK11 -parameter REPORT_GATED_CLOCK_IN_COMPLEX_CELL -value {1}
#@ rule_set_parameter -rule NTL_CLK12 -parameter CLK12_IGNORE_MUX -value {0}
#@ rule_set_parameter -rule NTL_CLK05 -parameter ALLOW_LOGIC_AMONG_SYNC -value {0}
#@ rule_set_parameter -rule NTL_CLK17 -parameter ALLOW_CLOCK_GATING_INTEGRATED_CELL -value {1}
#@ rule_set_parameter -rule NTL_CLK23 -parameter SYNCHRONIZER_FF_NUMBER -value {2}
#@ rule_set_parameter -rule NTL_CLK23 -parameter PIPELINE_STAGE_MIN -value {2}
#@ rule_set_parameter -rule NTL_CLK23 -parameter SOURCE_CLOCK_DOMAIN_CHECK -value {1}
#@ rule_set_parameter -rule NTL_CLK28 -parameter CLOCK_GATING_CELLS -value {AN2}
#@ rule_set_parameter -rule NTL_CLK29 -parameter REPORT_FILE -value {PI_RESET_CLOCK_MAP.tcl}
#@ rule_set_parameter -rule NTL_CLK31 -parameter MUX_LIST -value {TB2MUXBFXH}
#@ rule_set_parameter -rule VER_1_4_3_4A -parameter MUX_LIST -value {TB2MUXBFXH}
#@ rule_set_parameter -rule NTL_CLK33 -parameter MUX_LIST -value {TB2MUXBFXH}
#@ rule_set_parameter -rule NTL_CLK44A -parameter CLK44A_PRINT_CLOCK_PATH -value {0}
#@ rule_set_parameter -rule NTL_CLK54 -parameter CLK54_MAX_LOGIC_LEVEL -value {100}
#@ rule_set_parameter -rule NTL_CLK54 -parameter CLK54_USER_SPECIFED_CLOCK -value {top.Clk}
#@ rule_set_parameter -rule NTL_CON01 -parameter CON01_ONLY_CHECK_TOP_MODULE -value {0}
#@ rule_set_parameter -rule NTL_CON04 -parameter ONLY_APPLY_ON_LEAF_CELL -value {1}
#@ rule_set_parameter -rule NTL_CON04 -parameter APPLY_ONLY_ON_INPUTS -value {0}
#@ rule_set_parameter -rule NTL_CON05 -parameter ONLY_APPLY_ON_LEAF_CELL -value {1}
#@ rule_set_parameter -rule NTL_CON05 -parameter APPLY_ONLY_ON_INPUTS -value {0}
#@ rule_set_parameter -rule NTL_CON06 -parameter ONLY_APPLY_ON_LEAF_CELL -value {1}
#@ rule_set_parameter -rule NTL_CON06 -parameter APPLY_ONLY_ON_INPUTS -value {0}
#@ rule_set_parameter -rule NTL_CON08 -parameter ONLY_APPLY_ON_LEAF_CELL -value {1}
#@ rule_set_parameter -rule NTL_CON08 -parameter APPLY_ONLY_ON_OUTPUTS -value {0}
#@ rule_set_parameter -rule NTL_CON09 -parameter ONLY_APPLY_ON_LEAF_CELL -value {1}
#@ rule_set_parameter -rule NTL_CON09 -parameter APPLY_ONLY_ON_OUTPUTS -value {0}
#@ rule_set_parameter -rule NTL_CON10 -parameter ONLY_APPLY_ON_LEAF_CELL -value {1}
#@ rule_set_parameter -rule NTL_CON10 -parameter APPLY_ONLY_ON_OUTPUTS -value {0}
#@ rule_set_parameter -rule NTL_CON12 -parameter APPLY_UNUSED_PORT -value {1}
#@ rule_set_parameter -rule NTL_CON12A -parameter NTL_CON12A_APPLY_ON_UNUSED_NET -value {1}
#@ rule_set_parameter -rule NTL_CON12B -parameter NTL_CON12B_APPLY_ON_UNUSED_PIN -value {1}
#@ rule_set_parameter -rule NTL_CON12C -parameter NTL_CON12C_APPLY_ON_UNUSED_PORT -value {1}
#@ rule_set_parameter -rule NTL_CON13 -parameter APPLY_UNUSED_PORT -value {1}
#@ rule_set_parameter -rule NTL_CON13 -parameter NTL_CON13_IGNORE_SUPPLY_ASSIGNMENT -value {0}
#@ rule_set_parameter -rule NTL_CON13A -parameter NTL_CON13A_APPLY_ON_UNUSED_NET -value {1}
#@ rule_set_parameter -rule NTL_CON13A -parameter NTL_CON13A_IGNORE_SUPPLY_ASSIGNMENT -value {0}
#@ rule_set_parameter -rule NTL_CON13B -parameter NTL_CON13B_APPLY_ON_UNUSED_PIN -value {1}
#@ rule_set_parameter -rule NTL_CON13B -parameter NTL_CON13B_IGNORE_SUPPLY_ASSIGNMENT -value {0}
#@ rule_set_parameter -rule NTL_CON13C -parameter NTL_CON13C_APPLY_ON_UNUSED_PORT -value {1}
#@ rule_set_parameter -rule NTL_CON13C -parameter NTL_CON13C_IGNORE_SUPPLY_ASSIGNMENT -value {0}
#@ rule_set_parameter -rule NTL_CON14 -parameter ONLY_APPLY_ON_LEAF_CELL -value {1}
#@ rule_set_parameter -rule NTL_CON14 -parameter APPLY_ONLY_ON_INPUTS -value {0}
#@ rule_set_parameter -rule NTL_CON14 -parameter NTL_CON14_ONLY_CHECK_OUTSIDE_CONNECTIVITY -value {0}
#@ 
#@ rule_set_parameter -rule NTL_CON15 -parameter VDD -value {VDD}
#@ rule_set_parameter -rule NTL_CON15 -parameter GND -value {GND}
#@ rule_set_parameter -rule NTL_CON15 -parameter ANALOG_VDD -value {VDDA}
#@ rule_set_parameter -rule NTL_CON15 -parameter ANALOG_GND -value {GNDA}
#@ rule_set_parameter -rule NTL_CON15 -parameter STRICTLY_CHECK -value {FALSE}
#@ 
#@ rule_set_parameter -rule NTL_CON17 -parameter TIE_OFF_CELLS -value {tohlsx1, tohlx1, tohsx1, tohx1, tolsx1, tolx1}
#@ rule_set_parameter -rule NTL_CON20 -parameter PROTECTION_DIODE -value {}
#@ rule_set_parameter -rule NTL_CON21 -parameter PROTECTION_DIODE -value {}
#@ rule_set_parameter -rule NTL_CON22 -parameter CON22_CHECK_WITHIN_MODULE -value { 0 }
#@ rule_set_parameter -rule NTL_CON23 -parameter CON23_CHECK_WITHIN_MODULE -value { 0 }
#@ rule_set_parameter -rule NTL_CON25 -parameter NEED_DETAIL_INFO -value {0}
#@ rule_set_parameter -rule NTL_CON26 -parameter INHIBIT_MODULE_CONNECTION -value {}
#@ rule_set_parameter -rule NTL_CON26 -parameter INHIBIT_INSTANCE_CONNECTION -value {}
#@ rule_set_parameter -rule NTL_CON27 -parameter MANDATORY_MODULE_CONNECTION -value {}
#@ rule_set_parameter -rule NTL_CON27 -parameter MANDATORY_INSTANCE_CONNECTION -value {}
#@ rule_set_parameter -rule NTL_CON28 -parameter CON28_APPLY_MODULE -value {}
#@ rule_set_parameter -rule NTL_CON28 -parameter CON28_APPLY_INSTANCE -value {}
#@ rule_set_parameter -rule NTL_CON32 -parameter CON32_MAX_LOOP_DEPTH -value {500}
#@ rule_set_parameter -rule NTL_CON32 -parameter CON32_MERGE_SLICED_SIGNALS -value {0}
#@ rule_set_parameter -rule NTL_CON33 -parameter CON33_MAX_LOOP_DEPTH -value {500}
#@ rule_set_parameter -rule NTL_DFT10 -parameter NB_MAX_FFS -value {10}
#@ rule_set_parameter -rule NTL_DFT28 -parameter SCAN_CLK_PREFIX -value {scan_clk}
#@ rule_set_parameter -rule NTL_DFT41 -parameter NTL_DFT41_ENABLE_FORMAL_DEDUCTION -value {0}
#@ rule_set_parameter -rule NTL_DFT41 -parameter NTL_DFT41_IGNORE_X -value {0}
#@ rule_set_parameter -rule NTL_LAN15 -parameter UNUSED_SIGNAL -value {INPUT, INOUT,OUTPUT,INT_SIGNAL}
#@ rule_set_parameter -rule NTL_NAM02 -parameter CLOCK_PORT_NAME -value {clk}
#@ rule_set_parameter -rule NTL_NAM03 -parameter RESET_PORT_NAME -value {rst}
#@ rule_set_parameter -rule NTL_NAM05 -parameter ASYN_SIG_NAME -value {_a}
#@ rule_set_parameter -rule NTL_NAM07 -parameter REG_OUT_NAME -value {_r}
#@ rule_set_parameter -rule NTL_NAM09 -parameter LATCHED_SIG_NAME -value {_q}
#@ rule_set_parameter -rule NTL_NAM16 -parameter LOW_SIG_NAME -value {_X, _N}
#@ rule_set_parameter -rule NTL_NAM18 -parameter USER_BUF_NAME -value {GTECH_BUF}
#@ rule_set_parameter -rule NTL_NAM18 -parameter USER_INV_NAME -value {GTECH_NOT}
#@ rule_set_parameter -rule NTL_NAM20 -parameter HIER_LEVEL_ID_CHAR -value {3}
#@ rule_set_parameter -rule NTL_NAM21 -parameter HIER_LEVEL_ID_OUTPUT -value {3}
#@ rule_set_parameter -rule NTL_PAD05 -parameter SUPPLY_LOW_LIST -value {VSS}
#@ rule_set_parameter -rule NTL_PAD05 -parameter CTRL_PULL_UP_PIN -value {PULLQ}
#@ rule_set_parameter -rule NTL_PAD06 -parameter SUPPLY_HIGH_LIST -value {VDD}
#@ rule_set_parameter -rule NTL_PAD06 -parameter CTRL_PULL_DOWN_PIN -value {PULL}
#@ rule_set_parameter -rule NTL_PAD07 -parameter SUPPLY_LOW_LIST -value {VSS}
#@ rule_set_parameter -rule NTL_PAD07 -parameter PUSH_PULL_EN_PIN -value {PP_EN}
#@ rule_set_parameter -rule NTL_PAD08 -parameter SUPPLY_HIGH_LIST -value {VDD}
#@ rule_set_parameter -rule NTL_PAD08 -parameter INPUT_EN_PIN -value {ENABQ}
#@ rule_set_parameter -rule NTL_PAD09 -parameter SUPPLY_LIST -value {pad_rules.p_out2, pad_rules.net30, pad_rules.p_out1,pad_rules.net49, pad_rules.p_clock}
#@ rule_set_parameter -rule NTL_PAD10 -parameter SUPPLY_LOW_LIST -value {VSS}
#@ rule_set_parameter -rule NTL_PAD10 -parameter OUTPUT_EN_PIN -value {ENQ}
#@ rule_set_parameter -rule NTL_POW09 -parameter POW09_MACRO_FILE_NAME -value {}
#@ rule_set_parameter -rule NTL_POW09 -parameter POW09_MACRO_PORT_DETAILS -value {}
#@ rule_set_parameter -rule NTL_RST01 -parameter NB_MAX_RESETS -value {1}
#@ rule_set_parameter -rule NTL_RST04 -parameter CHECK_ASYNC_SET_RESET_ONLY -value {0}
#@ rule_set_parameter -rule NTL_RST05 -parameter CHECK_ASYNCHRONOUS_RESET_ONLY -value {0}
#@ rule_set_parameter -rule NTL_RST06 -parameter CHECK_ASYNCHRONOUS_RESET_ONLY -value {0}
#@ rule_set_parameter -rule NTL_RST06 -parameter NTL_RST06_GIVE_SEQ_SAMPLE -value {0}
#@ rule_set_parameter -rule NTL_RST19 -parameter NB_MAX_DEPTH -value {100}
#@ rule_set_parameter -rule VER_3_3_6_3 -parameter CHECK_ASYNCHRONOUS_RESET_ONLY -value {0}
#@ rule_set_parameter -rule VER_3_3_6_3 -parameter NTL_RST06_GIVE_SEQ_SAMPLE -value {0}
#@ rule_set_parameter -rule NTL_RST21 -parameter CLOCKS -value {}
#@ rule_set_parameter -rule NTL_RST21 -parameter RESETS -value {}
#@ rule_set_parameter -rule NTL_RST23 -parameter IGNORE_RESET -value {}
#@ rule_set_parameter -rule NTL_RST24 -parameter IGNORE_SRC_RST -value {}
#@ rule_set_parameter -rule NTL_RST24 -parameter IGNORE_SRC_FF -value {}
#@ rule_set_parameter -rule NTL_RST24 -parameter IGNORE_DES_RST -value {}
#@ rule_set_parameter -rule NTL_RST24 -parameter IGNORE_DES_FF -value {}
#@ rule_set_parameter -rule NTL_RST24 -parameter CHECK_FILTER -value {0}
#@ rule_set_parameter -rule NTL_RST24 -parameter IGNORE_SRC_DES_RST_PAIRS -value {}
#@ rule_set_parameter -rule NTL_RST25 -parameter CHECK_LATCHED_ASYN_SET_RESET -value {1}
#@ rule_set_parameter -rule NTL_SET01 -parameter NB_MAX_SETS -value {1}
#@ rule_set_parameter -rule NTL_STR03 -parameter MIN_UNIT_SIZE -value {20}
#@ rule_set_parameter -rule NTL_STR04 -parameter TRISTATE_TEMPLATE_NAME -value {TRI_}
#@ rule_set_parameter -rule NTL_STR08 -parameter NB_MAX_GATES -value {10}
#@ rule_set_parameter -rule NTL_STR15 -parameter SYNCHRONIZER_NAME -value {_sync}
#@ rule_set_parameter -rule NTL_STR17 -parameter MOD_NAMES -value ""
#@ rule_set_parameter -rule NTL_STR20 -parameter MAX_DRIVING_NUMBER -value {6}
#@ rule_set_parameter -rule NTL_STR21 -parameter NB_MAX_HIERARCHY_LEVEL -value {5}
#@ rule_set_parameter -rule NTL_STR23 -parameter NB_MAX_FANOUT -value {10}
#@ rule_set_parameter -rule NTL_STR24 -parameter MAX_LOGIC_LEVEL -value {15}
#@ rule_set_parameter -rule NTL_STR28 -parameter IDENTICAL_CELLS_NB -value {3}
#@ rule_set_parameter -rule NTL_STR30 -parameter MIN_SHIFT_REGISTER_FF_NB -value {8}
#@ rule_set_parameter -rule NTL_STR33 -parameter STOP_ON_LATCH -value {0}
#@ rule_set_parameter -rule NTL_STR33 -parameter NTL_STR33_MDA_COMPLEX_LOGIC -value {0}
#@ rule_set_parameter -rule VER_1_2_1_3 -parameter STOP_ON_LATCH -value {0}
#@ rule_set_parameter -rule A101 -parameter STOP_ON_LATCH -value {0}
#@ rule_set_parameter -rule NTL_STR33 -parameter TRACE_FROM_SIGNAL -value {0}
#@ rule_set_parameter -rule VER_1_2_1_3 -parameter TRACE_FROM_SIGNAL -value {0}
#@ rule_set_parameter -rule A101 -parameter TRACE_FROM_SIGNAL -value {0}
#@ rule_set_parameter -rule NTL_STR33 -parameter TRACE_INTERNAL_SIGNAL -value {0}
#@ rule_set_parameter -rule VER_1_2_1_3 -parameter TRACE_INTERNAL_SIGNAL -value {0}
#@ rule_set_parameter -rule A101 -parameter TRACE_INTERNAL_SIGNAL -value {0}
#@ 
#@ rule_set_parameter -rule NTL_STR34 -parameter TRISTATE_TEMPLATE_NAME -value {TRI_}
#@ rule_set_parameter -rule NTL_STR37 -parameter TRISTATE_TEMPLATE_NAME -value {TRI_}
#@ rule_set_parameter -rule NTL_STR43 -parameter TRISTATE_TEMPLATE_NAME -value {TRI_}
#@ rule_set_parameter -rule NTL_STR44 -parameter TRISTATE_TEMPLATE_NAME -value {TRI_}
#@ rule_set_parameter -rule NTL_STR48 -parameter GENERIC_LATCHES -value {LD1_GENERIC, LD2_GENERIC}
#@ rule_set_parameter -rule NTL_STR56 -parameter ONLY_APPLY_ON_FF -value {0}
#@ rule_set_parameter -rule NTL_STR61 -parameter STR61_IGNORE_LATCHES -value {0}
#@ rule_set_parameter -rule NTL_STR65 -parameter BUFFERS_PERCENT -value {5}
#@ rule_set_parameter -rule NTL_STR65 -parameter BUFS_INVS_PERCENT -value {10}
#@ rule_set_parameter -rule NTL_STR65 -parameter INVERTERS_PERCENT -value {5}
#@ rule_set_parameter -rule NTL_STR66 -parameter PRE_LAYOUT_ILLEGAL_BUFFERS -value {BF4T16, BF4T32}
#@ rule_set_parameter -rule NTL_STR67 -parameter MAX_FFS_NUMBER -value {32}
#@ rule_set_parameter -rule NTL_STR68 -parameter ILLEGAL_CELL -value {BF2T8, BF2T16}
#@ rule_set_parameter -rule NTL_STR77 -parameter PROHIBITED_CELLS -value {FD1P, FD2P}
#@ rule_set_parameter -rule NTL_STR77 -parameter MSG_ON_EACH_INSTANCE -value {0}
#@ rule_set_parameter -rule NTL_STR77A -parameter ALLOWED_CELLS -value { }
#@ rule_set_parameter -rule NTL_STR77A -parameter MSG_ON_EACH_INSTANCE -value {0}
#@ rule_set_parameter -rule NTL_STR82 -parameter ONLY_CHECK_ASYN_SIGNAL -value {0}
#@ rule_set_parameter -rule NTL_STR86 -parameter SYNCHRONIZER_FF_NUMBER -value {2}
#@ rule_set_parameter -rule NTL_STR89 -parameter APPLY_ONLY_ON_OUTPUTS -value {1}
#@ rule_set_parameter -rule NTL_STR90 -parameter MAX_BACKTRACK -value {1000000}
#@ rule_set_parameter -rule NTL_STR90 -parameter STR90_ALLOW_BUS_HOLD -value {0}
#@ rule_set_parameter -rule NTL_STR91 -parameter MAX_BACKTRACK -value {1000000}
#@ rule_set_parameter -rule NTL_STR91 -parameter CONTROL_ONLY -value {TRUE}
#@ rule_set_parameter -rule NTL_STR99 -parameter MAX_AREA_SIZE -value {10000}
#@ rule_set_parameter -rule NTL_STR99 -parameter AREA_LIB -value {vcorelib}
#@ rule_set_parameter -rule NTL_STR100 -parameter MAX_AREA_SIZE -value {10000}
#@ rule_set_parameter -rule NTL_STR100 -parameter AREA_LIB -value {vcorelib}
#@ rule_set_parameter -rule SDC_HFN20 -parameter MAX_FANOUT -value {100000}
#@ rule_set_parameter -rule SDC_FLP06 -parameter ASYNC_CLOCKS -value {CLK, CLK1}
#@ 
#@ 
#@ 
#@ rule_set_parameter -rule SDC_IDL08 -parameter INPUT_DELAY_CLK_RATIO -value {20}
#@ rule_set_parameter -rule SDC_ODL08 -parameter OUTPUT_DELAY_CLK_RATIO -value {20}
#@ 
#@ rule_set_parameter -rule NTL_CDC00 -parameter CDC00_REPORT_CLOCK_ORIGIN -value {0}
#@ rule_set_parameter -rule NTL_CDC01 -parameter CDC01_REPORT_CLOCK_ORIGIN -value {0}
#@ rule_set_parameter -rule NTL_CDC01 -parameter SHOW_ALL_PATHS -value {0}
#@ rule_set_parameter -rule D101 -parameter SHOW_ALL_PATHS -value {0}
#@ rule_set_parameter -rule NTL_CDC01 -parameter SHOW_CONTROL_PATHS -value {0}
#@ rule_set_parameter -rule NTL_CDC01 -parameter REPORT_BUS_ONLY -value {0}
#@ rule_set_parameter -rule D101 -parameter SHOW_CONTROL_PATHS -value {0}
#@ 
#@ rule_set_parameter -rule NTL_CDC02 -parameter CHECK_CONTROL_PATHS -value {1}
#@ rule_set_parameter -rule NTL_CDC02 -parameter CHECK_DATA_PATHS -value {0}
#@ rule_set_parameter -rule NTL_CDC02 -parameter GIVE_FULL_CDC_PATH_INFO -value {0}
#@ rule_set_parameter -rule NTL_CDC02 -parameter GIVE_ONE_EXAMPLE -value {1}
#@ rule_set_parameter -rule NTL_CDC03 -parameter CHECK_CONTROL_PATHS -value {1}
#@ rule_set_parameter -rule NTL_CDC03 -parameter CHECK_DATA_PATHS -value {1}
#@ rule_set_parameter -rule NTL_CDC03 -parameter GIVE_ONE_EXAMPLE -value {1}
#@ rule_set_parameter -rule NTL_CDC03 -parameter GIVE_FULL_CDC_PATH_INFO -value {0}
#@ rule_set_parameter -rule NTL_CDC04 -parameter GIVE_ONE_EXAMPLE -value {1}
#@ rule_set_parameter -rule NTL_CDC04 -parameter GIVE_FULL_CDC_PATH_INFO -value {0}
#@ rule_set_parameter -rule NTL_CDC05 -parameter CHECK_CONTROL_PATHS -value {1}
#@ rule_set_parameter -rule NTL_CDC05 -parameter CHECK_DATA_PATHS -value {0}
#@ rule_set_parameter -rule NTL_CDC05 -parameter CHECK_SOURCE_CLOCK_DOMAIN -value {1}
#@ rule_set_parameter -rule NTL_CDC05 -parameter MAX_SEQUENTIAL_DEPTH -value {10}
#@ rule_set_parameter -rule NTL_CDC05 -parameter SHOW_COMPLETE_SOURCES_PATHS -value {1}
#@ rule_set_parameter -rule NTL_CDC07 -parameter MAX_SEQUENTIAL_DEPTH -value {10}
#@ rule_set_parameter -rule NTL_CDC07 -parameter SHOW_COMPLETE_SOURCES_PATHS -value {1}
#@ rule_set_parameter -rule NTL_CDC09 -parameter SHOW_ONLY_CONTROL_PATHS -value {0}
#@ rule_set_parameter -rule FJC_0003 -parameter UNIT_LIST_IN_TOP -value "RAM, ROM, CLK_GEN, RST_GEN, CORE"
#@ rule_set_parameter -rule NTL_CON29 -parameter CON29_APPLY_MODULE -value {}
#@ rule_set_parameter -rule NTL_CON29 -parameter CON29_APPLY_INSTANCE -value {}
#@ rule_set_parameter -rule VER_1_3_1_7 -parameter ONLY_APPLY_ON_FF -value {0}
#@ rule_set_parameter -rule SDC_OLD02_A -parameter DEFAULT_MAX_CAPACITANCE -value {20}
#@ rule_set_parameter -rule VHD_1_3_1_7 -parameter ONLY_APPLY_ON_FF -value {0}
#@ rule_set_parameter -rule X_4004 -parameter MAX_INSTANCE_NAME_LENGTH -value {16}
#@ rule_set_parameter -rule X_4005 -parameter MAX_CHARS -value {16}
#@ rule_set_parameter -rule X_4007 -parameter FILENAME -value {^<entity>.vhd$}
#@ rule_set_parameter -rule X_4008 -parameter FILENAME -value {^<module>.v$}
#@ rule_set_parameter -rule X_4020 -parameter LINE_LENGTH -value {72}
#@ rule_set_parameter -rule X_4020 -parameter CHECK_COMMENT -value {1}
#@ rule_set_parameter -rule X_4021 -parameter CASE_SENSITIVE -value {0}
#@ rule_set_parameter -rule X_4021 -parameter CHECK_VERILOG_KEYWORDS -value {1}
#@ rule_set_parameter -rule X_4021 -parameter CHECK_VHDL_KEYWORDS -value {1}
#@ 
#@ rule_set_parameter -rule NTL_CG05 -parameter CG05_PRINT_TRACE_CLOCK_PATH  -value {0}
#@ rule_set_parameter -rule NTL_CG05 -parameter SR_LATCH -value {SRLATCH@set@reset}
#@ rule_set_parameter -rule NTL_CG05 -parameter CG05_PRINT_SPECIFIC_CLOCK_PATH -value {}
#@ rule_set_parameter -rule NTL_CG05 -parameter IGNORE_CLK -value {leda_unknown_clk}
#@ 
#@ # -- End source /package/eda/synopsys/leda-F-2011.09/amd64/.leda_config.files//.synopsys_leda.setup

gui_start
quit
